0 info it worked if it ends with ok
1 verbose cli [ 'c:\\Program Files\\nodejs\\node.exe',
1 verbose cli   'c:\\Program Files\\nodejs\\node_modules\\npm\\bin\\npm-cli.js',
1 verbose cli   'install',
1 verbose cli   'method-overrid',
1 verbose cli   '--save' ]
2 info using npm@1.4.28
3 info using node@v0.10.33
4 warn package.json myguest@0.0.1 No repository field.
5 warn package.json myguest@0.0.1 No README data
6 verbose readDependencies using package.json deps
7 verbose cache add [ 'method-overrid', null ]
8 verbose cache add name=undefined spec="method-overrid" args=["method-overrid",null]
9 verbose parsed url { protocol: null,
9 verbose parsed url   slashes: null,
9 verbose parsed url   auth: null,
9 verbose parsed url   host: null,
9 verbose parsed url   port: null,
9 verbose parsed url   hostname: null,
9 verbose parsed url   hash: null,
9 verbose parsed url   search: null,
9 verbose parsed url   query: null,
9 verbose parsed url   pathname: 'method-overrid',
9 verbose parsed url   path: 'method-overrid',
9 verbose parsed url   href: 'method-overrid' }
10 silly lockFile d2390a12-method-overrid method-overrid
11 verbose lock method-overrid C:\Users\dohee\AppData\Roaming\npm-cache\d2390a12-method-overrid.lock
12 silly lockFile d2390a12-method-overrid method-overrid
13 silly lockFile d2390a12-method-overrid method-overrid
14 verbose addNamed [ 'method-overrid', '' ]
15 verbose addNamed [ null, '*' ]
16 silly lockFile d11a8f63-method-overrid method-overrid@
17 verbose lock method-overrid@ C:\Users\dohee\AppData\Roaming\npm-cache\d11a8f63-method-overrid.lock
18 silly addNameRange { name: 'method-overrid', range: '*', hasData: false }
19 verbose request where is /method-overrid
20 verbose request registry https://registry.npmjs.org/
21 verbose request id 4b2206229acb3047
22 verbose url raw /method-overrid
23 verbose url resolving [ 'https://registry.npmjs.org/', './method-overrid' ]
24 verbose url resolved https://registry.npmjs.org/method-overrid
25 verbose request where is https://registry.npmjs.org/method-overrid
26 info trying registry request attempt 1 at 15:26:50
27 http GET https://registry.npmjs.org/method-overrid
28 http 404 https://registry.npmjs.org/method-overrid
29 verbose headers { date: 'Thu, 27 Nov 2014 06:26:50 GMT',
29 verbose headers   server: 'CouchDB/1.5.0 (Erlang OTP/R16B03)',
29 verbose headers   'content-type': 'application/json',
29 verbose headers   'cache-control': 'max-age=0',
29 verbose headers   'content-length': '52',
29 verbose headers   'accept-ranges': 'bytes',
29 verbose headers   via: '1.1 varnish',
29 verbose headers   age: '0',
29 verbose headers   'x-served-by': 'cache-ty66-TYO',
29 verbose headers   'x-cache': 'MISS',
29 verbose headers   'x-cache-hits': '0',
29 verbose headers   'x-timer': 'S1417069609.937302,VS0,VE128',
29 verbose headers   'keep-alive': 'timeout=10, max=50',
29 verbose headers   connection: 'Keep-Alive' }
30 silly registry.get cb [ 404,
30 silly registry.get   { date: 'Thu, 27 Nov 2014 06:26:50 GMT',
30 silly registry.get     server: 'CouchDB/1.5.0 (Erlang OTP/R16B03)',
30 silly registry.get     'content-type': 'application/json',
30 silly registry.get     'cache-control': 'max-age=0',
30 silly registry.get     'content-length': '52',
30 silly registry.get     'accept-ranges': 'bytes',
30 silly registry.get     via: '1.1 varnish',
30 silly registry.get     age: '0',
30 silly registry.get     'x-served-by': 'cache-ty66-TYO',
30 silly registry.get     'x-cache': 'MISS',
30 silly registry.get     'x-cache-hits': '0',
30 silly registry.get     'x-timer': 'S1417069609.937302,VS0,VE128',
30 silly registry.get     'keep-alive': 'timeout=10, max=50',
30 silly registry.get     connection: 'Keep-Alive' } ]
31 silly lockFile d11a8f63-method-overrid method-overrid@
32 silly lockFile d11a8f63-method-overrid method-overrid@
33 error 404 404 Not Found: method-overrid
33 error 404
33 error 404 'method-overrid' is not in the npm registry.
33 error 404 You should bug the author to publish it
33 error 404 It was specified as a dependency of 'myguest'
33 error 404
33 error 404 Note that you can also install from a
33 error 404 tarball, folder, or http url, or git url.
34 error System Windows_NT 6.2.9200
35 error command "c:\\Program Files\\nodejs\\node.exe" "c:\\Program Files\\nodejs\\node_modules\\npm\\bin\\npm-cli.js" "install" "method-overrid" "--save"
36 error cwd c:\Users\dohee\myguest
37 error node -v v0.10.33
38 error npm -v 1.4.28
39 error code E404
40 verbose exit [ 1, true ]
